ERROR - 2023-12-02 05:04:18 --> Error connecting to the database: mysqli_sql_exception: Access denied for user 'root'@'localhost' (using password: NO) in C:\xampp\htdocs\belajar-ci\system\Database\MySQLi\Connection.php:184
Stack trace:
#0 C:\xampp\htdocs\belajar-ci\system\Database\MySQLi\Connection.php(184): mysqli->real_connect('localhost', 'root', Object(SensitiveParameterValue), 'tokoalat', 3306, '', 0)
#1 C:\xampp\htdocs\belajar-ci\system\Database\BaseConnection.php(392): CodeIgniter\Database\MySQLi\Connection->connect(false)
#2 C:\xampp\htdocs\belajar-ci\system\Database\BaseConnection.php(575): CodeIgniter\Database\BaseConnection->initialize()
#3 C:\xampp\htdocs\belajar-ci\system\Database\BaseBuilder.php(1615): CodeIgniter\Database\BaseConnection->query('SELECT *\nFROM `...', Array, false)
#4 C:\xampp\htdocs\belajar-ci\system\Model.php(237): CodeIgniter\Database\BaseBuilder->get()
#5 C:\xampp\htdocs\belajar-ci\system\BaseModel.php(624): CodeIgniter\Model->doFindAll(0, 0)
#6 C:\xampp\htdocs\belajar-ci\app\Models\Barang_model.php(12): CodeIgniter\BaseModel->findAll()
#7 C:\xampp\htdocs\belajar-ci\app\Controllers\Barang.php(12): App\Models\Barang_model->getBarang()
#8 C:\xampp\htdocs\belajar-ci\system\CodeIgniter.php(942): App\Controllers\Barang->index()
#9 C:\xampp\htdocs\belajar-ci\system\CodeIgniter.php(502): CodeIgniter\CodeIgniter->runController(Object(App\Controllers\Barang))
#10 C:\xampp\htdocs\belajar-ci\system\CodeIgniter.php(361): CodeIgniter\CodeIgniter->handleRequest(NULL, Object(Config\Cache), false)
#11 C:\xampp\htdocs\belajar-ci\public\index.php(79): CodeIgniter\CodeIgniter->run()
#12 C:\xampp\htdocs\belajar-ci\system\Commands\Server\rewrite.php(47): require_once('C:\\xampp\\htdocs...')
#13 {main}

Next CodeIgniter\Database\Exceptions\DatabaseException: Access denied for user '****'@'localhost' (using password: NO) in C:\xampp\htdocs\belajar-ci\system\Database\MySQLi\Connection.php:229
Stack trace:
#0 C:\xampp\htdocs\belajar-ci\system\Database\BaseConnection.php(392): CodeIgniter\Database\MySQLi\Connection->connect(false)
#1 C:\xampp\htdocs\belajar-ci\system\Database\BaseConnection.php(575): CodeIgniter\Database\BaseConnection->initialize()
#2 C:\xampp\htdocs\belajar-ci\system\Database\BaseBuilder.php(1615): CodeIgniter\Database\BaseConnection->query('SELECT *\nFROM `...', Array, false)
#3 C:\xampp\htdocs\belajar-ci\system\Model.php(237): CodeIgniter\Database\BaseBuilder->get()
#4 C:\xampp\htdocs\belajar-ci\system\BaseModel.php(624): CodeIgniter\Model->doFindAll(0, 0)
#5 C:\xampp\htdocs\belajar-ci\app\Models\Barang_model.php(12): CodeIgniter\BaseModel->findAll()
#6 C:\xampp\htdocs\belajar-ci\app\Controllers\Barang.php(12): App\Models\Barang_model->getBarang()
#7 C:\xampp\htdocs\belajar-ci\system\CodeIgniter.php(942): App\Controllers\Barang->index()
#8 C:\xampp\htdocs\belajar-ci\system\CodeIgniter.php(502): CodeIgniter\CodeIgniter->runController(Object(App\Controllers\Barang))
#9 C:\xampp\htdocs\belajar-ci\system\CodeIgniter.php(361): CodeIgniter\CodeIgniter->handleRequest(NULL, Object(Config\Cache), false)
#10 C:\xampp\htdocs\belajar-ci\public\index.php(79): CodeIgniter\CodeIgniter->run()
#11 C:\xampp\htdocs\belajar-ci\system\Commands\Server\rewrite.php(47): require_once('C:\\xampp\\htdocs...')
#12 {main}
CRITICAL - 2023-12-02 05:04:18 --> Unable to connect to the database.
Main connection [MySQLi]: Access denied for user '****'@'localhost' (using password: NO)
in SYSTEMPATH\Database\BaseConnection.php on line 428.
 1 SYSTEMPATH\Database\BaseConnection.php(575): CodeIgniter\Database\BaseConnection->initialize()
 2 SYSTEMPATH\Database\BaseBuilder.php(1615): CodeIgniter\Database\BaseConnection->query('SELECT *
FROM `barang`', [], false)
 3 SYSTEMPATH\Model.php(237): CodeIgniter\Database\BaseBuilder->get()
 4 SYSTEMPATH\BaseModel.php(624): CodeIgniter\Model->doFindAll(0, 0)
 5 APPPATH\Models\Barang_model.php(12): CodeIgniter\BaseModel->findAll()
 6 APPPATH\Controllers\Barang.php(12): App\Models\Barang_model->getBarang()
 7 SYSTEMPATH\CodeIgniter.php(942): App\Controllers\Barang->index()
 8 SYSTEMPATH\CodeIgniter.php(502): CodeIgniter\CodeIgniter->runController(Object(App\Controllers\Barang))
 9 SYSTEMPATH\CodeIgniter.php(361): CodeIgniter\CodeIgniter->handleRequest(null, Object(Config\Cache), false)
10 FCPATH\index.php(79): CodeIgniter\CodeIgniter->run()
11 SYSTEMPATH\Commands\Server\rewrite.php(47): require_once('C:\\xampp\\htdocs\\belajar-ci\\public\\index.php')
ERROR - 2023-12-02 05:11:11 --> Error connecting to the database: mysqli_sql_exception: Access denied for user 'root'@'localhost' (using password: NO) in C:\xampp\htdocs\belajar-ci\system\Database\MySQLi\Connection.php:184
Stack trace:
#0 C:\xampp\htdocs\belajar-ci\system\Database\MySQLi\Connection.php(184): mysqli->real_connect('localhost', 'root', Object(SensitiveParameterValue), 'tokoalat', 3306, '', 0)
#1 C:\xampp\htdocs\belajar-ci\system\Database\BaseConnection.php(392): CodeIgniter\Database\MySQLi\Connection->connect(false)
#2 C:\xampp\htdocs\belajar-ci\system\Database\BaseConnection.php(575): CodeIgniter\Database\BaseConnection->initialize()
#3 C:\xampp\htdocs\belajar-ci\system\Database\BaseBuilder.php(1615): CodeIgniter\Database\BaseConnection->query('SELECT *\nFROM `...', Array, false)
#4 C:\xampp\htdocs\belajar-ci\system\Model.php(237): CodeIgniter\Database\BaseBuilder->get()
#5 C:\xampp\htdocs\belajar-ci\system\BaseModel.php(624): CodeIgniter\Model->doFindAll(0, 0)
#6 C:\xampp\htdocs\belajar-ci\app\Models\Barang_model.php(12): CodeIgniter\BaseModel->findAll()
#7 C:\xampp\htdocs\belajar-ci\app\Controllers\Barang.php(12): App\Models\Barang_model->getBarang()
#8 C:\xampp\htdocs\belajar-ci\system\CodeIgniter.php(942): App\Controllers\Barang->index()
#9 C:\xampp\htdocs\belajar-ci\system\CodeIgniter.php(502): CodeIgniter\CodeIgniter->runController(Object(App\Controllers\Barang))
#10 C:\xampp\htdocs\belajar-ci\system\CodeIgniter.php(361): CodeIgniter\CodeIgniter->handleRequest(NULL, Object(Config\Cache), false)
#11 C:\xampp\htdocs\belajar-ci\public\index.php(79): CodeIgniter\CodeIgniter->run()
#12 C:\xampp\htdocs\belajar-ci\system\Commands\Server\rewrite.php(47): require_once('C:\\xampp\\htdocs...')
#13 {main}

Next CodeIgniter\Database\Exceptions\DatabaseException: Access denied for user '****'@'localhost' (using password: NO) in C:\xampp\htdocs\belajar-ci\system\Database\MySQLi\Connection.php:229
Stack trace:
#0 C:\xampp\htdocs\belajar-ci\system\Database\BaseConnection.php(392): CodeIgniter\Database\MySQLi\Connection->connect(false)
#1 C:\xampp\htdocs\belajar-ci\system\Database\BaseConnection.php(575): CodeIgniter\Database\BaseConnection->initialize()
#2 C:\xampp\htdocs\belajar-ci\system\Database\BaseBuilder.php(1615): CodeIgniter\Database\BaseConnection->query('SELECT *\nFROM `...', Array, false)
#3 C:\xampp\htdocs\belajar-ci\system\Model.php(237): CodeIgniter\Database\BaseBuilder->get()
#4 C:\xampp\htdocs\belajar-ci\system\BaseModel.php(624): CodeIgniter\Model->doFindAll(0, 0)
#5 C:\xampp\htdocs\belajar-ci\app\Models\Barang_model.php(12): CodeIgniter\BaseModel->findAll()
#6 C:\xampp\htdocs\belajar-ci\app\Controllers\Barang.php(12): App\Models\Barang_model->getBarang()
#7 C:\xampp\htdocs\belajar-ci\system\CodeIgniter.php(942): App\Controllers\Barang->index()
#8 C:\xampp\htdocs\belajar-ci\system\CodeIgniter.php(502): CodeIgniter\CodeIgniter->runController(Object(App\Controllers\Barang))
#9 C:\xampp\htdocs\belajar-ci\system\CodeIgniter.php(361): CodeIgniter\CodeIgniter->handleRequest(NULL, Object(Config\Cache), false)
#10 C:\xampp\htdocs\belajar-ci\public\index.php(79): CodeIgniter\CodeIgniter->run()
#11 C:\xampp\htdocs\belajar-ci\system\Commands\Server\rewrite.php(47): require_once('C:\\xampp\\htdocs...')
#12 {main}
CRITICAL - 2023-12-02 05:11:11 --> Unable to connect to the database.
Main connection [MySQLi]: Access denied for user '****'@'localhost' (using password: NO)
in SYSTEMPATH\Database\BaseConnection.php on line 428.
 1 SYSTEMPATH\Database\BaseConnection.php(575): CodeIgniter\Database\BaseConnection->initialize()
 2 SYSTEMPATH\Database\BaseBuilder.php(1615): CodeIgniter\Database\BaseConnection->query('SELECT *
FROM `barang`', [], false)
 3 SYSTEMPATH\Model.php(237): CodeIgniter\Database\BaseBuilder->get()
 4 SYSTEMPATH\BaseModel.php(624): CodeIgniter\Model->doFindAll(0, 0)
 5 APPPATH\Models\Barang_model.php(12): CodeIgniter\BaseModel->findAll()
 6 APPPATH\Controllers\Barang.php(12): App\Models\Barang_model->getBarang()
 7 SYSTEMPATH\CodeIgniter.php(942): App\Controllers\Barang->index()
 8 SYSTEMPATH\CodeIgniter.php(502): CodeIgniter\CodeIgniter->runController(Object(App\Controllers\Barang))
 9 SYSTEMPATH\CodeIgniter.php(361): CodeIgniter\CodeIgniter->handleRequest(null, Object(Config\Cache), false)
10 FCPATH\index.php(79): CodeIgniter\CodeIgniter->run()
11 SYSTEMPATH\Commands\Server\rewrite.php(47): require_once('C:\\xampp\\htdocs\\belajar-ci\\public\\index.php')
ERROR - 2023-12-02 05:35:30 --> Error connecting to the database: mysqli_sql_exception: Access denied for user 'root'@'localhost' (using password: NO) in C:\xampp\htdocs\belajar-ci\system\Database\MySQLi\Connection.php:184
Stack trace:
#0 C:\xampp\htdocs\belajar-ci\system\Database\MySQLi\Connection.php(184): mysqli->real_connect('localhost', 'root', Object(SensitiveParameterValue), 'tokoalat', 3306, '', 0)
#1 C:\xampp\htdocs\belajar-ci\system\Database\BaseConnection.php(392): CodeIgniter\Database\MySQLi\Connection->connect(false)
#2 C:\xampp\htdocs\belajar-ci\system\Database\BaseConnection.php(575): CodeIgniter\Database\BaseConnection->initialize()
#3 C:\xampp\htdocs\belajar-ci\system\Database\BaseBuilder.php(1615): CodeIgniter\Database\BaseConnection->query('SELECT *\nFROM `...', Array, false)
#4 C:\xampp\htdocs\belajar-ci\system\Model.php(237): CodeIgniter\Database\BaseBuilder->get()
#5 C:\xampp\htdocs\belajar-ci\system\BaseModel.php(624): CodeIgniter\Model->doFindAll(0, 0)
#6 C:\xampp\htdocs\belajar-ci\app\Models\Barang_model.php(12): CodeIgniter\BaseModel->findAll()
#7 C:\xampp\htdocs\belajar-ci\app\Controllers\Barang.php(12): App\Models\Barang_model->getBarang()
#8 C:\xampp\htdocs\belajar-ci\system\CodeIgniter.php(942): App\Controllers\Barang->index()
#9 C:\xampp\htdocs\belajar-ci\system\CodeIgniter.php(502): CodeIgniter\CodeIgniter->runController(Object(App\Controllers\Barang))
#10 C:\xampp\htdocs\belajar-ci\system\CodeIgniter.php(361): CodeIgniter\CodeIgniter->handleRequest(NULL, Object(Config\Cache), false)
#11 C:\xampp\htdocs\belajar-ci\public\index.php(79): CodeIgniter\CodeIgniter->run()
#12 C:\xampp\htdocs\belajar-ci\system\Commands\Server\rewrite.php(47): require_once('C:\\xampp\\htdocs...')
#13 {main}

Next CodeIgniter\Database\Exceptions\DatabaseException: Access denied for user '****'@'localhost' (using password: NO) in C:\xampp\htdocs\belajar-ci\system\Database\MySQLi\Connection.php:229
Stack trace:
#0 C:\xampp\htdocs\belajar-ci\system\Database\BaseConnection.php(392): CodeIgniter\Database\MySQLi\Connection->connect(false)
#1 C:\xampp\htdocs\belajar-ci\system\Database\BaseConnection.php(575): CodeIgniter\Database\BaseConnection->initialize()
#2 C:\xampp\htdocs\belajar-ci\system\Database\BaseBuilder.php(1615): CodeIgniter\Database\BaseConnection->query('SELECT *\nFROM `...', Array, false)
#3 C:\xampp\htdocs\belajar-ci\system\Model.php(237): CodeIgniter\Database\BaseBuilder->get()
#4 C:\xampp\htdocs\belajar-ci\system\BaseModel.php(624): CodeIgniter\Model->doFindAll(0, 0)
#5 C:\xampp\htdocs\belajar-ci\app\Models\Barang_model.php(12): CodeIgniter\BaseModel->findAll()
#6 C:\xampp\htdocs\belajar-ci\app\Controllers\Barang.php(12): App\Models\Barang_model->getBarang()
#7 C:\xampp\htdocs\belajar-ci\system\CodeIgniter.php(942): App\Controllers\Barang->index()
#8 C:\xampp\htdocs\belajar-ci\system\CodeIgniter.php(502): CodeIgniter\CodeIgniter->runController(Object(App\Controllers\Barang))
#9 C:\xampp\htdocs\belajar-ci\system\CodeIgniter.php(361): CodeIgniter\CodeIgniter->handleRequest(NULL, Object(Config\Cache), false)
#10 C:\xampp\htdocs\belajar-ci\public\index.php(79): CodeIgniter\CodeIgniter->run()
#11 C:\xampp\htdocs\belajar-ci\system\Commands\Server\rewrite.php(47): require_once('C:\\xampp\\htdocs...')
#12 {main}
CRITICAL - 2023-12-02 05:35:30 --> Unable to connect to the database.
Main connection [MySQLi]: Access denied for user '****'@'localhost' (using password: NO)
in SYSTEMPATH\Database\BaseConnection.php on line 428.
 1 SYSTEMPATH\Database\BaseConnection.php(575): CodeIgniter\Database\BaseConnection->initialize()
 2 SYSTEMPATH\Database\BaseBuilder.php(1615): CodeIgniter\Database\BaseConnection->query('SELECT *
FROM `barang`', [], false)
 3 SYSTEMPATH\Model.php(237): CodeIgniter\Database\BaseBuilder->get()
 4 SYSTEMPATH\BaseModel.php(624): CodeIgniter\Model->doFindAll(0, 0)
 5 APPPATH\Models\Barang_model.php(12): CodeIgniter\BaseModel->findAll()
 6 APPPATH\Controllers\Barang.php(12): App\Models\Barang_model->getBarang()
 7 SYSTEMPATH\CodeIgniter.php(942): App\Controllers\Barang->index()
 8 SYSTEMPATH\CodeIgniter.php(502): CodeIgniter\CodeIgniter->runController(Object(App\Controllers\Barang))
 9 SYSTEMPATH\CodeIgniter.php(361): CodeIgniter\CodeIgniter->handleRequest(null, Object(Config\Cache), false)
10 FCPATH\index.php(79): CodeIgniter\CodeIgniter->run()
11 SYSTEMPATH\Commands\Server\rewrite.php(47): require_once('C:\\xampp\\htdocs\\belajar-ci\\public\\index.php')
ERROR - 2023-12-02 05:45:19 --> Error connecting to the database: mysqli_sql_exception: Access denied for user 'root'@'localhost' (using password: NO) in C:\xampp\htdocs\belajar-ci\system\Database\MySQLi\Connection.php:184
Stack trace:
#0 C:\xampp\htdocs\belajar-ci\system\Database\MySQLi\Connection.php(184): mysqli->real_connect('localhost', 'root', Object(SensitiveParameterValue), 'tokoalat', 3306, '', 0)
#1 C:\xampp\htdocs\belajar-ci\system\Database\BaseConnection.php(392): CodeIgniter\Database\MySQLi\Connection->connect(false)
#2 C:\xampp\htdocs\belajar-ci\system\Database\BaseConnection.php(575): CodeIgniter\Database\BaseConnection->initialize()
#3 C:\xampp\htdocs\belajar-ci\system\Database\BaseBuilder.php(1615): CodeIgniter\Database\BaseConnection->query('SELECT *\nFROM `...', Array, false)
#4 C:\xampp\htdocs\belajar-ci\system\Model.php(237): CodeIgniter\Database\BaseBuilder->get()
#5 C:\xampp\htdocs\belajar-ci\system\BaseModel.php(624): CodeIgniter\Model->doFindAll(0, 0)
#6 C:\xampp\htdocs\belajar-ci\app\Models\Barang_model.php(12): CodeIgniter\BaseModel->findAll()
#7 C:\xampp\htdocs\belajar-ci\app\Controllers\Barang.php(12): App\Models\Barang_model->getBarang()
#8 C:\xampp\htdocs\belajar-ci\system\CodeIgniter.php(942): App\Controllers\Barang->index()
#9 C:\xampp\htdocs\belajar-ci\system\CodeIgniter.php(502): CodeIgniter\CodeIgniter->runController(Object(App\Controllers\Barang))
#10 C:\xampp\htdocs\belajar-ci\system\CodeIgniter.php(361): CodeIgniter\CodeIgniter->handleRequest(NULL, Object(Config\Cache), false)
#11 C:\xampp\htdocs\belajar-ci\public\index.php(79): CodeIgniter\CodeIgniter->run()
#12 C:\xampp\htdocs\belajar-ci\system\Commands\Server\rewrite.php(47): require_once('C:\\xampp\\htdocs...')
#13 {main}

Next CodeIgniter\Database\Exceptions\DatabaseException: Access denied for user '****'@'localhost' (using password: NO) in C:\xampp\htdocs\belajar-ci\system\Database\MySQLi\Connection.php:229
Stack trace:
#0 C:\xampp\htdocs\belajar-ci\system\Database\BaseConnection.php(392): CodeIgniter\Database\MySQLi\Connection->connect(false)
#1 C:\xampp\htdocs\belajar-ci\system\Database\BaseConnection.php(575): CodeIgniter\Database\BaseConnection->initialize()
#2 C:\xampp\htdocs\belajar-ci\system\Database\BaseBuilder.php(1615): CodeIgniter\Database\BaseConnection->query('SELECT *\nFROM `...', Array, false)
#3 C:\xampp\htdocs\belajar-ci\system\Model.php(237): CodeIgniter\Database\BaseBuilder->get()
#4 C:\xampp\htdocs\belajar-ci\system\BaseModel.php(624): CodeIgniter\Model->doFindAll(0, 0)
#5 C:\xampp\htdocs\belajar-ci\app\Models\Barang_model.php(12): CodeIgniter\BaseModel->findAll()
#6 C:\xampp\htdocs\belajar-ci\app\Controllers\Barang.php(12): App\Models\Barang_model->getBarang()
#7 C:\xampp\htdocs\belajar-ci\system\CodeIgniter.php(942): App\Controllers\Barang->index()
#8 C:\xampp\htdocs\belajar-ci\system\CodeIgniter.php(502): CodeIgniter\CodeIgniter->runController(Object(App\Controllers\Barang))
#9 C:\xampp\htdocs\belajar-ci\system\CodeIgniter.php(361): CodeIgniter\CodeIgniter->handleRequest(NULL, Object(Config\Cache), false)
#10 C:\xampp\htdocs\belajar-ci\public\index.php(79): CodeIgniter\CodeIgniter->run()
#11 C:\xampp\htdocs\belajar-ci\system\Commands\Server\rewrite.php(47): require_once('C:\\xampp\\htdocs...')
#12 {main}
CRITICAL - 2023-12-02 05:45:19 --> Unable to connect to the database.
Main connection [MySQLi]: Access denied for user '****'@'localhost' (using password: NO)
in SYSTEMPATH\Database\BaseConnection.php on line 428.
 1 SYSTEMPATH\Database\BaseConnection.php(575): CodeIgniter\Database\BaseConnection->initialize()
 2 SYSTEMPATH\Database\BaseBuilder.php(1615): CodeIgniter\Database\BaseConnection->query('SELECT *
FROM `barang`', [], false)
 3 SYSTEMPATH\Model.php(237): CodeIgniter\Database\BaseBuilder->get()
 4 SYSTEMPATH\BaseModel.php(624): CodeIgniter\Model->doFindAll(0, 0)
 5 APPPATH\Models\Barang_model.php(12): CodeIgniter\BaseModel->findAll()
 6 APPPATH\Controllers\Barang.php(12): App\Models\Barang_model->getBarang()
 7 SYSTEMPATH\CodeIgniter.php(942): App\Controllers\Barang->index()
 8 SYSTEMPATH\CodeIgniter.php(502): CodeIgniter\CodeIgniter->runController(Object(App\Controllers\Barang))
 9 SYSTEMPATH\CodeIgniter.php(361): CodeIgniter\CodeIgniter->handleRequest(null, Object(Config\Cache), false)
10 FCPATH\index.php(79): CodeIgniter\CodeIgniter->run()
11 SYSTEMPATH\Commands\Server\rewrite.php(47): require_once('C:\\xampp\\htdocs\\belajar-ci\\public\\index.php')
ERROR - 2023-12-02 05:45:19 --> Error connecting to the database: mysqli_sql_exception: Access denied for user 'root'@'localhost' (using password: NO) in C:\xampp\htdocs\belajar-ci\system\Database\MySQLi\Connection.php:184
Stack trace:
#0 C:\xampp\htdocs\belajar-ci\system\Database\MySQLi\Connection.php(184): mysqli->real_connect('localhost', 'root', Object(SensitiveParameterValue), 'tokoalat', 3306, '', 0)
#1 C:\xampp\htdocs\belajar-ci\system\Database\BaseConnection.php(392): CodeIgniter\Database\MySQLi\Connection->connect(false)
#2 C:\xampp\htdocs\belajar-ci\system\Database\BaseConnection.php(575): CodeIgniter\Database\BaseConnection->initialize()
#3 C:\xampp\htdocs\belajar-ci\system\Database\BaseBuilder.php(1615): CodeIgniter\Database\BaseConnection->query('SELECT *\nFROM `...', Array, false)
#4 C:\xampp\htdocs\belajar-ci\system\Model.php(237): CodeIgniter\Database\BaseBuilder->get()
#5 C:\xampp\htdocs\belajar-ci\system\BaseModel.php(624): CodeIgniter\Model->doFindAll(0, 0)
#6 C:\xampp\htdocs\belajar-ci\app\Models\Barang_model.php(12): CodeIgniter\BaseModel->findAll()
#7 C:\xampp\htdocs\belajar-ci\app\Controllers\Barang.php(12): App\Models\Barang_model->getBarang()
#8 C:\xampp\htdocs\belajar-ci\system\CodeIgniter.php(942): App\Controllers\Barang->index()
#9 C:\xampp\htdocs\belajar-ci\system\CodeIgniter.php(502): CodeIgniter\CodeIgniter->runController(Object(App\Controllers\Barang))
#10 C:\xampp\htdocs\belajar-ci\system\CodeIgniter.php(361): CodeIgniter\CodeIgniter->handleRequest(NULL, Object(Config\Cache), false)
#11 C:\xampp\htdocs\belajar-ci\public\index.php(79): CodeIgniter\CodeIgniter->run()
#12 C:\xampp\htdocs\belajar-ci\system\Commands\Server\rewrite.php(47): require_once('C:\\xampp\\htdocs...')
#13 {main}

Next CodeIgniter\Database\Exceptions\DatabaseException: Access denied for user '****'@'localhost' (using password: NO) in C:\xampp\htdocs\belajar-ci\system\Database\MySQLi\Connection.php:229
Stack trace:
#0 C:\xampp\htdocs\belajar-ci\system\Database\BaseConnection.php(392): CodeIgniter\Database\MySQLi\Connection->connect(false)
#1 C:\xampp\htdocs\belajar-ci\system\Database\BaseConnection.php(575): CodeIgniter\Database\BaseConnection->initialize()
#2 C:\xampp\htdocs\belajar-ci\system\Database\BaseBuilder.php(1615): CodeIgniter\Database\BaseConnection->query('SELECT *\nFROM `...', Array, false)
#3 C:\xampp\htdocs\belajar-ci\system\Model.php(237): CodeIgniter\Database\BaseBuilder->get()
#4 C:\xampp\htdocs\belajar-ci\system\BaseModel.php(624): CodeIgniter\Model->doFindAll(0, 0)
#5 C:\xampp\htdocs\belajar-ci\app\Models\Barang_model.php(12): CodeIgniter\BaseModel->findAll()
#6 C:\xampp\htdocs\belajar-ci\app\Controllers\Barang.php(12): App\Models\Barang_model->getBarang()
#7 C:\xampp\htdocs\belajar-ci\system\CodeIgniter.php(942): App\Controllers\Barang->index()
#8 C:\xampp\htdocs\belajar-ci\system\CodeIgniter.php(502): CodeIgniter\CodeIgniter->runController(Object(App\Controllers\Barang))
#9 C:\xampp\htdocs\belajar-ci\system\CodeIgniter.php(361): CodeIgniter\CodeIgniter->handleRequest(NULL, Object(Config\Cache), false)
#10 C:\xampp\htdocs\belajar-ci\public\index.php(79): CodeIgniter\CodeIgniter->run()
#11 C:\xampp\htdocs\belajar-ci\system\Commands\Server\rewrite.php(47): require_once('C:\\xampp\\htdocs...')
#12 {main}
CRITICAL - 2023-12-02 05:45:19 --> Unable to connect to the database.
Main connection [MySQLi]: Access denied for user '****'@'localhost' (using password: NO)
in SYSTEMPATH\Database\BaseConnection.php on line 428.
 1 SYSTEMPATH\Database\BaseConnection.php(575): CodeIgniter\Database\BaseConnection->initialize()
 2 SYSTEMPATH\Database\BaseBuilder.php(1615): CodeIgniter\Database\BaseConnection->query('SELECT *
FROM `barang`', [], false)
 3 SYSTEMPATH\Model.php(237): CodeIgniter\Database\BaseBuilder->get()
 4 SYSTEMPATH\BaseModel.php(624): CodeIgniter\Model->doFindAll(0, 0)
 5 APPPATH\Models\Barang_model.php(12): CodeIgniter\BaseModel->findAll()
 6 APPPATH\Controllers\Barang.php(12): App\Models\Barang_model->getBarang()
 7 SYSTEMPATH\CodeIgniter.php(942): App\Controllers\Barang->index()
 8 SYSTEMPATH\CodeIgniter.php(502): CodeIgniter\CodeIgniter->runController(Object(App\Controllers\Barang))
 9 SYSTEMPATH\CodeIgniter.php(361): CodeIgniter\CodeIgniter->handleRequest(null, Object(Config\Cache), false)
10 FCPATH\index.php(79): CodeIgniter\CodeIgniter->run()
11 SYSTEMPATH\Commands\Server\rewrite.php(47): require_once('C:\\xampp\\htdocs\\belajar-ci\\public\\index.php')
